<?xml version="1.0" encoding="UTF-8"?>
<testsuite xmlns:xsi="http://www.w3.org/2001/XMLSchema-instance" xsi:noNamespaceSchemaLocation="https://maven.apache.org/surefire/maven-surefire-plugin/xsd/surefire-test-report.xsd" version="3.0.2" name="com.dev.br.campeonato_brasileiro.controller.CampeonatoControllerTest" time="1.527" tests="11" errors="0" skipped="0" failures="0">
  <properties>
[...]
</properties>
  <testcase name="simularCampeonato_SemPartidasExistentes_DeveGerarPartidasESimular" classname="com.dev.br.campeonato_brasileiro.controller.CampeonatoControllerTest" time="1.411"/>
  <testcase name="listarPartidasPorRodada_DeveRetornarPartidasDaRodada" classname="com.dev.br.campeonato_brasileiro.controller.CampeonatoControllerTest" time="0.009"/>
  <testcase name="exportarClassificacaoParaExcel_DeveRetornarArquivoExcel" classname="com.dev.br.campeonato_brasileiro.controller.CampeonatoControllerTest" time="0.01"/>
  <testcase name="resetarCampeonato_DeveLimparRepositorios" classname="com.dev.br.campeonato_brasileiro.controller.CampeonatoControllerTest" time="0.006"/>
  <testcase name="gerarPartidas_DeveGerarEPersistirPartidas" classname="com.dev.br.campeonato_brasileiro.controller.CampeonatoControllerTest" time="0.011"/>
  <testcase name="getClassificacao_DeveRetornarClassificacaoCompleta" classname="com.dev.br.campeonato_brasileiro.controller.CampeonatoControllerTest" time="0.01"/>
  <testcase name="getSulAmericana_DeveRetornarTimesClassificadosParaSulAmericana" classname="com.dev.br.campeonato_brasileiro.controller.CampeonatoControllerTest" time="0.005"/>
  <testcase name="getRebaixamento_DeveRetornarTimesRebaixados" classname="com.dev.br.campeonato_brasileiro.controller.CampeonatoControllerTest" time="0.008"/>
  <testcase name="listarPartidas_DeveRetornarTodasPartidas" classname="com.dev.br.campeonato_brasileiro.controller.CampeonatoControllerTest" time="0.009"/>
  <testcase name="getLibertadores_DeveRetornarTimesClassificadosParaLibertadores" classname="com.dev.br.campeonato_brasileiro.controller.CampeonatoControllerTest" time="0.0"/>
  <testcase name="simularCampeonato_ComPartidasJaExistentes_DeveSimularTodasRodadas" classname="com.dev.br.campeonato_brasileiro.controller.CampeonatoControllerTest" time="0.025"/>
</testsuite>